<?xml version="1.0" encoding="UTF-8"?>
<!-- Generated by org.testng.reporters.JUnitXMLReporter -->
<testsuite ignored="0" hostname="DESKTOP-Q6QKMPN" failures="0" tests="3" name="Default test" time="7.8" errors="0" timestamp="2025-08-04T01:27:31 IST">
  <testcase classname="api.testcase.LoginTestcase" name="login_testcase" time="5.548"/>
  <testcase classname="api.testcase.LoginTestcase" name="get_login_testcase" time="1.714"/>
  <testcase classname="api.testcase.LoginTestcase" name="login_failed_testcase" time="0.371"/>
</testsuite> <!-- Default test -->
